Sun Oct 21 19:04:31 CEST 2018 : Apache Derby Network Server - 10.10.2.0 - (1582446) started and ready to accept connections on port 1527
----------------------------------------------------------------
Sun Oct 21 19:05:13 CEST 2018:
Booting Derby version The Apache Software Foundation - Apache Derby - 10.10.2.0 - (1582446): instance a816c00e-0166-9795-d23f-000059cd2c41 
on database directory /Users/balbis/COURSM2/javaBean/Java_Beans/database/sample with class loader sun.misc.Launcher$AppClassLoader@6f94fa3e 
Loaded from file:/Applications/NetBeans/glassfish-4.1.1/javadb/lib/derby.jar
java.vendor=Oracle Corporation
java.runtime.version=1.8.0_151-b12
user.dir=/Applications/NetBeans/glassfish-4.1.1/javadb
os.name=Mac OS X
os.arch=x86_64
os.version=10.14
derby.system.home=/Users/balbis/COURSM2/javaBean/Java_Beans/database
Database Class Loader started - derby.database.classpath=''
----------------------------------------------------------------
Sun Oct 21 23:01:13 CEST 2018: Shutting down Derby engine
----------------------------------------------------------------
Sun Oct 21 23:01:13 CEST 2018:
Shutting down instance a816c00e-0166-9795-d23f-000059cd2c41 on database directory /Users/balbis/COURSM2/javaBean/Java_Beans/database/sample with class loader sun.misc.Launcher$AppClassLoader@6f94fa3e 
----------------------------------------------------------------
